<?xml version="1.0" encoding="UTF-8"?>
<!-- Generated by org.testng.reporters.JUnitXMLReporter -->
<testsuite ignored="0" hostname="Rupa" failures="1" tests="1" name="edgetest" time="8.65" errors="0" timestamp="2024-11-01T01:22:07 IST">
  <testcase classname="testCases.TC001_AccountRegistrationTest" name="verify_accountregistration_test" time="2.055">
    <failure type="java.lang.AssertionError" message="expected [true] but found [false]">
      <![CDATA[java.lang.AssertionError: expected [true] but found [false]
at testCases.TC001_AccountRegistrationTest.verify_accountregistration_test(TC001_AccountRegistrationTest.java:51)
at java.base/java.util.ArrayList.forEach(ArrayList.java:1596)
... Removed 29 stack frames]]>
    </failure>
  </testcase> <!-- verify_accountregistration_test -->
</testsuite> <!-- edgetest -->
